Drill report for gbpunk.kicad_pcb
Created on Wed Aug 31 22:31:15 2022

Copper Layer Stackup:
    =============================================================
    L1 :  F.Cu                      front
    L2 :  B.Cu                      back


Drill file 'gbpunk.drl' contains
    plated through holes:
    =============================================================
    T1  0.350mm  0.0138"  (9 holes)
    T2  0.400mm  0.0157"  (83 holes)
    T3  0.600mm  0.0236"  (4 holes)  (with 4 slots)
    T4  0.800mm  0.0315"  (5 holes)
    T5  0.800mm  0.0315"  (2 holes)

    Total plated holes count 103


Not plated through holes are merged with plated holes
    unplated through holes:
    =============================================================
    T6  0.650mm  0.0256"  (2 holes)
    T7  2.300mm  0.0906"  (1 hole)
    T8  7.200mm  0.2835"  (1 hole)

    Total unplated holes count 4
